<?xml version="1.0" encoding="UTF-8"?>
<coverage generated="1711381559110" clover="3.2.0">
  <project timestamp="1711381559111" name="All files">
    <metrics statements="14" coveredstatements="10" conditionals="10" coveredconditionals="4" methods="5" coveredmethods="3" elements="29" coveredelements="17" complexity="0" loc="14" ncloc="14" packages="2" files="2" classes="2"/>
    <package name="src">
      <metrics statements="2" coveredstatements="2" conditionals="0" coveredconditionals="0" methods="1" coveredmethods="1"/>
      <file name="store.js" path="C:\Users\John\Desktop\My stack version\Versions\2\JohnKinghEcommerceSite\frontend\src\store.js">
        <metrics statements="2" coveredstatements="2" conditionals="0" coveredconditionals="0" methods="1" coveredmethods="1"/>
        <line num="5" count="1" type="stmt"/>
        <line num="11" count="1" type="stmt"/>
      </file>
    </package>
    <package name="src.components">
      <metrics statements="12" coveredstatements="8" conditionals="10" coveredconditionals="4" methods="4" coveredmethods="2"/>
      <file name="header.jsx" path="C:\Users\John\Desktop\My stack version\Versions\2\JohnKinghEcommerceSite\frontend\src\components\header.jsx">
        <metrics statements="12" coveredstatements="8" conditionals="10" coveredconditionals="4" methods="4" coveredmethods="2"/>
        <line num="7" count="1" type="stmt"/>
        <line num="8" count="2" type="stmt"/>
        <line num="9" count="1" type="stmt"/>
        <line num="12" count="1" type="stmt"/>
        <line num="13" count="1" type="cond" truecount="1" falsecount="1"/>
        <line num="14" count="1" type="cond" truecount="1" falsecount="1"/>
        <line num="17" count="1" type="stmt"/>
        <line num="19" count="0" type="stmt"/>
        <line num="21" count="0" type="stmt"/>
        <line num="23" count="0" type="stmt"/>
        <line num="26" count="1" type="stmt"/>
        <line num="56" count="0" type="stmt"/>
      </file>
    </package>
  </project>
</coverage>
