<?xml version="1.0" encoding="UTF-8"?>
<coverage generated="1709760939052" clover="3.2.0">
  <project timestamp="1709760939052" name="All files">
    <metrics statements="64" coveredstatements="22" conditionals="20" coveredconditionals="2" methods="20" coveredmethods="8" elements="104" coveredelements="32" complexity="0" loc="64" ncloc="64" packages="3" files="8" classes="8"/>
    <package name="components">
      <metrics statements="2" coveredstatements="0" conditionals="0" coveredconditionals="0" methods="1" coveredmethods="0"/>
      <file name="Product.jsx" path="C:\Users\John\Desktop\My stack version\Versions\2\JohnKinghEcommerceSite\frontend\src\components\Product.jsx">
        <metrics statements="2" coveredstatements="0" conditionals="0" coveredconditionals="0" methods="1" coveredmethods="0"/>
        <line num="6" count="0" type="stmt"/>
        <line num="7" count="0" type="stmt"/>
      </file>
    </package>
    <package name="screens">
      <metrics statements="42" coveredstatements="22" conditionals="12" coveredconditionals="2" methods="12" coveredmethods="8"/>
      <file name="AboutUs.jsx" path="C:\Users\John\Desktop\My stack version\Versions\2\JohnKinghEcommerceSite\frontend\src\screens\AboutUs.jsx">
        <metrics statements="2" coveredstatements="2" conditionals="0" coveredconditionals="0" methods="1" coveredmethods="1"/>
        <line num="4" count="1" type="stmt"/>
        <line num="5" count="4" type="stmt"/>
      </file>
      <file name="AdminDashboard.jsx" path="C:\Users\John\Desktop\My stack version\Versions\2\JohnKinghEcommerceSite\frontend\src\screens\AdminDashboard.jsx">
        <metrics statements="2" coveredstatements="2" conditionals="0" coveredconditionals="0" methods="1" coveredmethods="1"/>
        <line num="4" count="1" type="stmt"/>
        <line num="5" count="4" type="stmt"/>
      </file>
      <file name="Features.jsx" path="C:\Users\John\Desktop\My stack version\Versions\2\JohnKinghEcommerceSite\frontend\src\screens\Features.jsx">
        <metrics statements="2" coveredstatements="2" conditionals="0" coveredconditionals="0" methods="1" coveredmethods="1"/>
        <line num="26" count="1" type="stmt"/>
        <line num="27" count="4" type="stmt"/>
      </file>
      <file name="LoginScreen.jsx" path="C:\Users\John\Desktop\My stack version\Versions\2\JohnKinghEcommerceSite\frontend\src\screens\LoginScreen.jsx">
        <metrics statements="19" coveredstatements="15" conditionals="4" coveredconditionals="2" methods="4" coveredmethods="4"/>
        <line num="4" count="1" type="stmt"/>
        <line num="6" count="47" type="stmt"/>
        <line num="7" count="46" type="stmt"/>
        <line num="10" count="46" type="stmt"/>
        <line num="11" count="3" type="stmt"/>
        <line num="13" count="3" type="stmt"/>
        <line num="15" count="3" type="stmt"/>
        <line num="20" count="2" type="stmt"/>
        <line num="23" count="2" type="cond" truecount="1" falsecount="1"/>
        <line num="25" count="2" type="stmt"/>
        <line num="28" count="2" type="cond" truecount="1" falsecount="1"/>
        <line num="29" count="0" type="stmt"/>
        <line num="31" count="0" type="stmt"/>
        <line num="34" count="2" type="stmt"/>
        <line num="37" count="0" type="stmt"/>
        <line num="40" count="0" type="stmt"/>
        <line num="44" count="46" type="stmt"/>
        <line num="56" count="14" type="stmt"/>
        <line num="67" count="28" type="stmt"/>
      </file>
      <file name="ProductScreen.jsx" path="C:\Users\John\Desktop\My stack version\Versions\2\JohnKinghEcommerceSite\frontend\src\screens\ProductScreen.jsx">
        <metrics statements="16" coveredstatements="0" conditionals="8" coveredconditionals="0" methods="4" coveredmethods="0"/>
        <line num="149" count="0" type="stmt"/>
        <line num="150" count="0" type="stmt"/>
        <line num="152" count="0" type="stmt"/>
        <line num="153" count="0" type="stmt"/>
        <line num="160" count="0" type="stmt"/>
        <line num="162" count="0" type="stmt"/>
        <line num="163" count="0" type="cond" truecount="0" falsecount="2"/>
        <line num="164" count="0" type="stmt"/>
        <line num="167" count="0" type="cond" truecount="0" falsecount="2"/>
        <line num="168" count="0" type="stmt"/>
        <line num="171" count="0" type="stmt"/>
        <line num="172" count="0" type="stmt"/>
        <line num="173" count="0" type="stmt"/>
        <line num="176" count="0" type="stmt"/>
        <line num="243" count="0" type="stmt"/>
        <line num="246" count="0" type="stmt"/>
      </file>
      <file name="sum.js" path="C:\Users\John\Desktop\My stack version\Versions\2\JohnKinghEcommerceSite\frontend\src\screens\sum.js">
        <metrics statements="1" coveredstatements="1" conditionals="0" coveredconditionals="0" methods="1" coveredmethods="1"/>
        <line num="2" count="1" type="stmt"/>
      </file>
    </package>
    <package name="slices">
      <metrics statements="20" coveredstatements="0" conditionals="8" coveredconditionals="0" methods="7" coveredmethods="0"/>
      <file name="cartSlice.js" path="C:\Users\John\Desktop\My stack version\Versions\2\JohnKinghEcommerceSite\frontend\src\slices\cartSlice.js">
        <metrics statements="20" coveredstatements="0" conditionals="8" coveredconditionals="0" methods="7" coveredmethods="0"/>
        <line num="3" count="0" type="cond" truecount="0" falsecount="2"/>
        <line num="8" count="0" type="stmt"/>
        <line num="9" count="0" type="stmt"/>
        <line num="11" count="0" type="stmt"/>
        <line num="19" count="0" type="stmt"/>
        <line num="21" count="0" type="stmt"/>
        <line num="23" count="0" type="cond" truecount="0" falsecount="2"/>
        <line num="24" count="0" type="stmt"/>
        <line num="25" count="0" type="cond" truecount="0" falsecount="2"/>
        <line num="28" count="0" type="stmt"/>
        <line num="32" count="0" type="stmt"/>
        <line num="34" count="0" type="cond" truecount="0" falsecount="2"/>
        <line num="35" count="0" type="stmt"/>
        <line num="38" count="0" type="stmt"/>
        <line num="43" count="0" type="stmt"/>
        <line num="46" count="0" type="stmt"/>
        <line num="49" count="0" type="stmt"/>
        <line num="50" count="0" type="stmt"/>
        <line num="52" count="0" type="stmt"/>
        <line num="89" count="0" type="stmt"/>
      </file>
    </package>
  </project>
</coverage>
