{"C:\\Users\\John\\Desktop\\My stack version\\Versions\\2\\JohnKinghEcommerceSite\\frontend\\src\\screens\\LoginScreen.jsx": {"path":"C:\\Users\\John\\Desktop\\My stack version\\Versions\\2\\JohnKinghEcommerceSite\\frontend\\src\\screens\\LoginScreen.jsx","statementMap":{"0":{"start":{"line":4,"column":20},"end":{"line":79,"column":1}},"1":{"start":{"line":6,"column":34},"end":{"line":6,"column":44}},"2":{"start":{"line":7,"column":34},"end":{"line":7,"column":44}},"3":{"start":{"line":10,"column":24},"end":{"line":42,"column":3}},"4":{"start":{"line":11,"column":4},"end":{"line":11,"column":23}},"5":{"start":{"line":13,"column":4},"end":{"line":41,"column":5}},"6":{"start":{"line":15,"column":23},"end":{"line":18,"column":8}},"7":{"start":{"line":20,"column":6},"end":{"line":20,"column":50}},"8":{"start":{"line":23,"column":6},"end":{"line":38,"column":7}},"9":{"start":{"line":25,"column":29},"end":{"line":25,"column":42}},"10":{"start":{"line":28,"column":8},"end":{"line":35,"column":9}},"11":{"start":{"line":29,"column":10},"end":{"line":29,"column":49}},"12":{"start":{"line":31,"column":10},"end":{"line":31,"column":63}},"13":{"start":{"line":34,"column":10},"end":{"line":34,"column":57}},"14":{"start":{"line":37,"column":8},"end":{"line":37,"column":61}},"15":{"start":{"line":40,"column":6},"end":{"line":40,"column":58}},"16":{"start":{"line":44,"column":2},"end":{"line":78,"column":4}},"17":{"start":{"line":56,"column":31},"end":{"line":56,"column":58}},"18":{"start":{"line":67,"column":31},"end":{"line":67,"column":58}}},"fnMap":{"0":{"name":"(anonymous_0)","decl":{"start":{"line":4,"column":20},"end":{"line":4,"column":21}},"loc":{"start":{"line":4,"column":26},"end":{"line":79,"column":1}},"line":4},"1":{"name":"(anonymous_1)","decl":{"start":{"line":10,"column":24},"end":{"line":10,"column":25}},"loc":{"start":{"line":10,"column":37},"end":{"line":42,"column":3}},"line":10},"2":{"name":"(anonymous_2)","decl":{"start":{"line":56,"column":24},"end":{"line":56,"column":25}},"loc":{"start":{"line":56,"column":31},"end":{"line":56,"column":58}},"line":56},"3":{"name":"(anonymous_3)","decl":{"start":{"line":67,"column":24},"end":{"line":67,"column":25}},"loc":{"start":{"line":67,"column":31},"end":{"line":67,"column":58}},"line":67}},"branchMap":{"0":{"loc":{"start":{"line":23,"column":6},"end":{"line":38,"column":7}},"type":"if","locations":[{"start":{"line":23,"column":6},"end":{"line":38,"column":7}},{"start":{"line":36,"column":13},"end":{"line":38,"column":7}}],"line":23},"1":{"loc":{"start":{"line":28,"column":8},"end":{"line":35,"column":9}},"type":"if","locations":[{"start":{"line":28,"column":8},"end":{"line":35,"column":9}},{"start":{"line":32,"column":15},"end":{"line":35,"column":9}}],"line":28}},"s":{"0":1,"1":47,"2":46,"3":46,"4":3,"5":3,"6":3,"7":2,"8":2,"9":2,"10":2,"11":0,"12":0,"13":2,"14":0,"15":0,"16":46,"17":14,"18":28},"f":{"0":47,"1":3,"2":14,"3":28},"b":{"0":[2,0],"1":[0,2]},"_coverageSchema":"1a1c01bbd47fc00a2c39e90264f33305004495a9","hash":"fa09d8912d5ec0b7f86bed1536de205fa96e03da"}
}
