{"C:\\Users\\John\\Desktop\\My stack version\\Versions\\2\\JohnKinghEcommerceSite\\frontend\\src\\index.js": {"path":"C:\\Users\\John\\Desktop\\My stack version\\Versions\\2\\JohnKinghEcommerceSite\\frontend\\src\\index.js","statementMap":{"0":{"start":{"line":32,"column":15},"end":{"line":52,"column":1}},"1":{"start":{"line":54,"column":13},"end":{"line":54,"column":65}},"2":{"start":{"line":55,"column":0},"end":{"line":61,"column":2}},"3":{"start":{"line":62,"column":0},"end":{"line":62,"column":18}}},"fnMap":{},"branchMap":{},"s":{"0":0,"1":0,"2":0,"3":0},"f":{},"b":{}}
,"C:\\Users\\John\\Desktop\\My stack version\\Versions\\2\\JohnKinghEcommerceSite\\frontend\\src\\screens\\AboutUs.jsx": {"path":"C:\\Users\\John\\Desktop\\My stack version\\Versions\\2\\JohnKinghEcommerceSite\\frontend\\src\\screens\\AboutUs.jsx","statementMap":{"0":{"start":{"line":4,"column":16},"end":{"line":42,"column":1}},"1":{"start":{"line":5,"column":2},"end":{"line":41,"column":4}}},"fnMap":{"0":{"name":"(anonymous_0)","decl":{"start":{"line":4,"column":16},"end":{"line":4,"column":17}},"loc":{"start":{"line":4,"column":22},"end":{"line":42,"column":1}},"line":4}},"branchMap":{},"s":{"0":1,"1":4},"f":{"0":4},"b":{},"_coverageSchema":"1a1c01bbd47fc00a2c39e90264f33305004495a9","hash":"05462f29927d744b651fecc6faa33d5666bee287"}
,"C:\\Users\\John\\Desktop\\My stack version\\Versions\\2\\JohnKinghEcommerceSite\\frontend\\src\\screens\\AdminDashboard.jsx": {"path":"C:\\Users\\John\\Desktop\\My stack version\\Versions\\2\\JohnKinghEcommerceSite\\frontend\\src\\screens\\AdminDashboard.jsx","statementMap":{"0":{"start":{"line":4,"column":23},"end":{"line":21,"column":1}},"1":{"start":{"line":5,"column":2},"end":{"line":20,"column":4}}},"fnMap":{"0":{"name":"(anonymous_0)","decl":{"start":{"line":4,"column":23},"end":{"line":4,"column":24}},"loc":{"start":{"line":4,"column":29},"end":{"line":21,"column":1}},"line":4}},"branchMap":{},"s":{"0":1,"1":4},"f":{"0":4},"b":{},"_coverageSchema":"1a1c01bbd47fc00a2c39e90264f33305004495a9","hash":"bb897f443ff2ed49964681cf738fb2e2692c8a60"}
,"C:\\Users\\John\\Desktop\\My stack version\\Versions\\2\\JohnKinghEcommerceSite\\frontend\\src\\screens\\CartScreen.jsx": {"path":"C:\\Users\\John\\Desktop\\My stack version\\Versions\\2\\JohnKinghEcommerceSite\\frontend\\src\\screens\\CartScreen.jsx","statementMap":{"0":{"start":{"line":16,"column":27},"end":{"line":123,"column":1}},"1":{"start":{"line":17,"column":19},"end":{"line":17,"column":32}},"2":{"start":{"line":18,"column":19},"end":{"line":18,"column":32}},"3":{"start":{"line":20,"column":15},"end":{"line":20,"column":49}},"4":{"start":{"line":20,"column":38},"end":{"line":20,"column":48}},"5":{"start":{"line":21,"column":20},"end":{"line":21,"column":24}},"6":{"start":{"line":23,"column":27},"end":{"line":25,"column":3}},"7":{"start":{"line":24,"column":4},"end":{"line":24,"column":43}},"8":{"start":{"line":26,"column":28},"end":{"line":28,"column":3}},"9":{"start":{"line":27,"column":4},"end":{"line":27,"column":29}},"10":{"start":{"line":32,"column":27},"end":{"line":34,"column":4}},"11":{"start":{"line":33,"column":5},"end":{"line":33,"column":27}},"12":{"start":{"line":36,"column":2},"end":{"line":122,"column":4}},"13":{"start":{"line":49,"column":14},"end":{"line":87,"column":31}},"14":{"start":{"line":67,"column":24},"end":{"line":67,"column":70}},"15":{"start":{"line":71,"column":24},"end":{"line":73,"column":33}},"16":{"start":{"line":81,"column":37},"end":{"line":81,"column":64}},"17":{"start":{"line":97,"column":51},"end":{"line":97,"column":64}},"18":{"start":{"line":104,"column":40},"end":{"line":104,"column":68}}},"fnMap":{"0":{"name":"(anonymous_0)","decl":{"start":{"line":16,"column":27},"end":{"line":16,"column":28}},"loc":{"start":{"line":16,"column":33},"end":{"line":123,"column":1}},"line":16},"1":{"name":"(anonymous_1)","decl":{"start":{"line":20,"column":27},"end":{"line":20,"column":28}},"loc":{"start":{"line":20,"column":38},"end":{"line":20,"column":48}},"line":20},"2":{"name":"(anonymous_2)","decl":{"start":{"line":23,"column":27},"end":{"line":23,"column":28}},"loc":{"start":{"line":23,"column":51},"end":{"line":25,"column":3}},"line":23},"3":{"name":"(anonymous_3)","decl":{"start":{"line":26,"column":28},"end":{"line":26,"column":29}},"loc":{"start":{"line":26,"column":42},"end":{"line":28,"column":3}},"line":26},"4":{"name":"(anonymous_4)","decl":{"start":{"line":32,"column":27},"end":{"line":32,"column":28}},"loc":{"start":{"line":32,"column":41},"end":{"line":34,"column":4}},"line":32},"5":{"name":"(anonymous_5)","decl":{"start":{"line":48,"column":23},"end":{"line":48,"column":24}},"loc":{"start":{"line":49,"column":14},"end":{"line":87,"column":31}},"line":49},"6":{"name":"(anonymous_6)","decl":{"start":{"line":66,"column":32},"end":{"line":66,"column":33}},"loc":{"start":{"line":67,"column":24},"end":{"line":67,"column":70}},"line":67},"7":{"name":"(anonymous_7)","decl":{"start":{"line":70,"column":64},"end":{"line":70,"column":65}},"loc":{"start":{"line":71,"column":24},"end":{"line":73,"column":33}},"line":71},"8":{"name":"(anonymous_8)","decl":{"start":{"line":81,"column":31},"end":{"line":81,"column":32}},"loc":{"start":{"line":81,"column":37},"end":{"line":81,"column":64}},"line":81},"9":{"name":"(anonymous_9)","decl":{"start":{"line":97,"column":37},"end":{"line":97,"column":38}},"loc":{"start":{"line":97,"column":51},"end":{"line":97,"column":64}},"line":97},"10":{"name":"(anonymous_10)","decl":{"start":{"line":104,"column":26},"end":{"line":104,"column":27}},"loc":{"start":{"line":104,"column":40},"end":{"line":104,"column":68}},"line":104}},"branchMap":{"0":{"loc":{"start":{"line":40,"column":9},"end":{"line":90,"column":9}},"type":"cond-expr","locations":[{"start":{"line":41,"column":10},"end":{"line":45,"column":16}},{"start":{"line":47,"column":10},"end":{"line":89,"column":22}}],"line":40}},"s":{"0":0,"1":0,"2":0,"3":0,"4":0,"5":0,"6":0,"7":0,"8":0,"9":0,"10":0,"11":0,"12":0,"13":0,"14":0,"15":0,"16":0,"17":0,"18":0},"f":{"0":0,"1":0,"2":0,"3":0,"4":0,"5":0,"6":0,"7":0,"8":0,"9":0,"10":0},"b":{"0":[0,0]}}
,"C:\\Users\\John\\Desktop\\My stack version\\Versions\\2\\JohnKinghEcommerceSite\\frontend\\src\\screens\\Features.jsx": {"path":"C:\\Users\\John\\Desktop\\My stack version\\Versions\\2\\JohnKinghEcommerceSite\\frontend\\src\\screens\\Features.jsx","statementMap":{"0":{"start":{"line":26,"column":17},"end":{"line":58,"column":1}},"1":{"start":{"line":27,"column":2},"end":{"line":57,"column":4}}},"fnMap":{"0":{"name":"(anonymous_0)","decl":{"start":{"line":26,"column":17},"end":{"line":26,"column":18}},"loc":{"start":{"line":26,"column":23},"end":{"line":58,"column":1}},"line":26}},"branchMap":{},"s":{"0":1,"1":4},"f":{"0":4},"b":{},"_coverageSchema":"1a1c01bbd47fc00a2c39e90264f33305004495a9","hash":"e422db468bf25766af6cf12854b799622c3432d5"}
,"C:\\Users\\John\\Desktop\\My stack version\\Versions\\2\\JohnKinghEcommerceSite\\frontend\\src\\screens\\LoginScreen.jsx": {"path":"C:\\Users\\John\\Desktop\\My stack version\\Versions\\2\\JohnKinghEcommerceSite\\frontend\\src\\screens\\LoginScreen.jsx","statementMap":{"0":{"start":{"line":4,"column":20},"end":{"line":79,"column":1}},"1":{"start":{"line":6,"column":34},"end":{"line":6,"column":44}},"2":{"start":{"line":7,"column":34},"end":{"line":7,"column":44}},"3":{"start":{"line":10,"column":24},"end":{"line":42,"column":3}},"4":{"start":{"line":11,"column":4},"end":{"line":11,"column":23}},"5":{"start":{"line":13,"column":4},"end":{"line":41,"column":5}},"6":{"start":{"line":15,"column":23},"end":{"line":18,"column":8}},"7":{"start":{"line":20,"column":6},"end":{"line":20,"column":50}},"8":{"start":{"line":23,"column":6},"end":{"line":38,"column":7}},"9":{"start":{"line":25,"column":29},"end":{"line":25,"column":42}},"10":{"start":{"line":28,"column":8},"end":{"line":35,"column":9}},"11":{"start":{"line":29,"column":10},"end":{"line":29,"column":49}},"12":{"start":{"line":31,"column":10},"end":{"line":31,"column":63}},"13":{"start":{"line":34,"column":10},"end":{"line":34,"column":57}},"14":{"start":{"line":37,"column":8},"end":{"line":37,"column":61}},"15":{"start":{"line":40,"column":6},"end":{"line":40,"column":58}},"16":{"start":{"line":44,"column":2},"end":{"line":78,"column":4}},"17":{"start":{"line":56,"column":31},"end":{"line":56,"column":58}},"18":{"start":{"line":67,"column":31},"end":{"line":67,"column":58}}},"fnMap":{"0":{"name":"(anonymous_0)","decl":{"start":{"line":4,"column":20},"end":{"line":4,"column":21}},"loc":{"start":{"line":4,"column":26},"end":{"line":79,"column":1}},"line":4},"1":{"name":"(anonymous_1)","decl":{"start":{"line":10,"column":24},"end":{"line":10,"column":25}},"loc":{"start":{"line":10,"column":37},"end":{"line":42,"column":3}},"line":10},"2":{"name":"(anonymous_2)","decl":{"start":{"line":56,"column":24},"end":{"line":56,"column":25}},"loc":{"start":{"line":56,"column":31},"end":{"line":56,"column":58}},"line":56},"3":{"name":"(anonymous_3)","decl":{"start":{"line":67,"column":24},"end":{"line":67,"column":25}},"loc":{"start":{"line":67,"column":31},"end":{"line":67,"column":58}},"line":67}},"branchMap":{"0":{"loc":{"start":{"line":23,"column":6},"end":{"line":38,"column":7}},"type":"if","locations":[{"start":{"line":23,"column":6},"end":{"line":38,"column":7}},{"start":{"line":36,"column":13},"end":{"line":38,"column":7}}],"line":23},"1":{"loc":{"start":{"line":28,"column":8},"end":{"line":35,"column":9}},"type":"if","locations":[{"start":{"line":28,"column":8},"end":{"line":35,"column":9}},{"start":{"line":32,"column":15},"end":{"line":35,"column":9}}],"line":28}},"s":{"0":1,"1":47,"2":46,"3":46,"4":3,"5":3,"6":3,"7":2,"8":2,"9":2,"10":2,"11":0,"12":0,"13":2,"14":0,"15":0,"16":46,"17":14,"18":28},"f":{"0":47,"1":3,"2":14,"3":28},"b":{"0":[2,0],"1":[0,2]},"_coverageSchema":"1a1c01bbd47fc00a2c39e90264f33305004495a9","hash":"fa09d8912d5ec0b7f86bed1536de205fa96e03da"}
,"C:\\Users\\John\\Desktop\\My stack version\\Versions\\2\\JohnKinghEcommerceSite\\frontend\\src\\screens\\PaymentScreen.jsx": {"path":"C:\\Users\\John\\Desktop\\My stack version\\Versions\\2\\JohnKinghEcommerceSite\\frontend\\src\\screens\\PaymentScreen.jsx","statementMap":{"0":{"start":{"line":3,"column":22},"end":{"line":5,"column":1}},"1":{"start":{"line":4,"column":2},"end":{"line":4,"column":35}}},"fnMap":{"0":{"name":"(anonymous_0)","decl":{"start":{"line":3,"column":22},"end":{"line":3,"column":23}},"loc":{"start":{"line":3,"column":28},"end":{"line":5,"column":1}},"line":3}},"branchMap":{},"s":{"0":0,"1":0},"f":{"0":0},"b":{}}
,"C:\\Users\\John\\Desktop\\My stack version\\Versions\\2\\JohnKinghEcommerceSite\\frontend\\src\\screens\\ShippingScreen.jsx": {"path":"C:\\Users\\John\\Desktop\\My stack version\\Versions\\2\\JohnKinghEcommerceSite\\frontend\\src\\screens\\ShippingScreen.jsx","statementMap":{"0":{"start":{"line":4,"column":23},"end":{"line":83,"column":1}},"1":{"start":{"line":6,"column":42},"end":{"line":13,"column":4}},"2":{"start":{"line":16,"column":44},"end":{"line":16,"column":62}},"3":{"start":{"line":19,"column":23},"end":{"line":22,"column":3}},"4":{"start":{"line":20,"column":28},"end":{"line":20,"column":36}},"5":{"start":{"line":21,"column":4},"end":{"line":21,"column":68}},"6":{"start":{"line":21,"column":35},"end":{"line":21,"column":65}},"7":{"start":{"line":25,"column":30},"end":{"line":27,"column":3}},"8":{"start":{"line":26,"column":4},"end":{"line":26,"column":37}},"9":{"start":{"line":30,"column":23},"end":{"line":36,"column":3}},"10":{"start":{"line":31,"column":4},"end":{"line":31,"column":23}},"11":{"start":{"line":33,"column":4},"end":{"line":33,"column":48}},"12":{"start":{"line":34,"column":4},"end":{"line":34,"column":50}},"13":{"start":{"line":38,"column":2},"end":{"line":82,"column":4}},"14":{"start":{"line":45,"column":10},"end":{"line":57,"column":23}},"15":{"start":{"line":64,"column":10},"end":{"line":73,"column":12}}},"fnMap":{"0":{"name":"(anonymous_0)","decl":{"start":{"line":4,"column":23},"end":{"line":4,"column":24}},"loc":{"start":{"line":4,"column":29},"end":{"line":83,"column":1}},"line":4},"1":{"name":"(anonymous_1)","decl":{"start":{"line":19,"column":23},"end":{"line":19,"column":24}},"loc":{"start":{"line":19,"column":30},"end":{"line":22,"column":3}},"line":19},"2":{"name":"(anonymous_2)","decl":{"start":{"line":21,"column":20},"end":{"line":21,"column":21}},"loc":{"start":{"line":21,"column":35},"end":{"line":21,"column":65}},"line":21},"3":{"name":"(anonymous_3)","decl":{"start":{"line":25,"column":30},"end":{"line":25,"column":31}},"loc":{"start":{"line":25,"column":37},"end":{"line":27,"column":3}},"line":25},"4":{"name":"(anonymous_4)","decl":{"start":{"line":30,"column":23},"end":{"line":30,"column":24}},"loc":{"start":{"line":30,"column":30},"end":{"line":36,"column":3}},"line":30},"5":{"name":"(anonymous_5)","decl":{"start":{"line":44,"column":42},"end":{"line":44,"column":43}},"loc":{"start":{"line":45,"column":10},"end":{"line":57,"column":23}},"line":45},"6":{"name":"(anonymous_6)","decl":{"start":{"line":63,"column":39},"end":{"line":63,"column":40}},"loc":{"start":{"line":64,"column":10},"end":{"line":73,"column":12}},"line":64}},"branchMap":{},"s":{"0":0,"1":0,"2":0,"3":0,"4":0,"5":0,"6":0,"7":0,"8":0,"9":0,"10":0,"11":0,"12":0,"13":0,"14":0,"15":0},"f":{"0":0,"1":0,"2":0,"3":0,"4":0,"5":0,"6":0},"b":{}}
,"C:\\Users\\John\\Desktop\\My stack version\\Versions\\2\\JohnKinghEcommerceSite\\frontend\\src\\screens\\sum.js": {"path":"C:\\Users\\John\\Desktop\\My stack version\\Versions\\2\\JohnKinghEcommerceSite\\frontend\\src\\screens\\sum.js","statementMap":{"0":{"start":{"line":2,"column":2},"end":{"line":2,"column":13}}},"fnMap":{"0":{"name":"add","decl":{"start":{"line":1,"column":24},"end":{"line":1,"column":27}},"loc":{"start":{"line":1,"column":32},"end":{"line":3,"column":1}},"line":1}},"branchMap":{},"s":{"0":2},"f":{"0":2},"b":{},"_coverageSchema":"1a1c01bbd47fc00a2c39e90264f33305004495a9","hash":"976f2d7197683be445507c2e342951ec9bdeac49"}
,"C:\\Users\\John\\Desktop\\My stack version\\Versions\\2\\JohnKinghEcommerceSite\\frontend\\src\\slices\\cartSlice.js": {"path":"C:\\Users\\John\\Desktop\\My stack version\\Versions\\2\\JohnKinghEcommerceSite\\frontend\\src\\slices\\cartSlice.js","statementMap":{"0":{"start":{"line":3,"column":21},"end":{"line":5,"column":17}},"1":{"start":{"line":7,"column":20},"end":{"line":9,"column":1}},"2":{"start":{"line":8,"column":2},"end":{"line":8,"column":50}},"3":{"start":{"line":10,"column":18},"end":{"line":58,"column":2}},"4":{"start":{"line":18,"column":19},"end":{"line":18,"column":33}},"5":{"start":{"line":20,"column":27},"end":{"line":20,"column":70}},"6":{"start":{"line":20,"column":51},"end":{"line":20,"column":69}},"7":{"start":{"line":22,"column":6},"end":{"line":29,"column":7}},"8":{"start":{"line":24,"column":8},"end":{"line":26,"column":10}},"9":{"start":{"line":25,"column":10},"end":{"line":25,"column":47}},"10":{"start":{"line":28,"column":8},"end":{"line":28,"column":45}},"11":{"start":{"line":32,"column":6},"end":{"line":40,"column":8}},"12":{"start":{"line":34,"column":28},"end":{"line":34,"column":56}},"13":{"start":{"line":35,"column":10},"end":{"line":37,"column":12}},"14":{"start":{"line":38,"column":10},"end":{"line":38,"column":41}},"15":{"start":{"line":43,"column":6},"end":{"line":43,"column":61}},"16":{"start":{"line":46,"column":6},"end":{"line":46,"column":58}},"17":{"start":{"line":50,"column":6},"end":{"line":50,"column":72}},"18":{"start":{"line":50,"column":46},"end":{"line":50,"column":70}},"19":{"start":{"line":52,"column":6},"end":{"line":54,"column":7}},"20":{"start":{"line":53,"column":8},"end":{"line":53,"column":40}},"21":{"start":{"line":60,"column":39},"end":{"line":60,"column":56}}},"fnMap":{"0":{"name":"(anonymous_0)","decl":{"start":{"line":7,"column":20},"end":{"line":7,"column":21}},"loc":{"start":{"line":7,"column":29},"end":{"line":9,"column":1}},"line":7},"1":{"name":"(anonymous_1)","decl":{"start":{"line":17,"column":13},"end":{"line":17,"column":14}},"loc":{"start":{"line":17,"column":32},"end":{"line":47,"column":5}},"line":17},"2":{"name":"(anonymous_2)","decl":{"start":{"line":20,"column":44},"end":{"line":20,"column":45}},"loc":{"start":{"line":20,"column":51},"end":{"line":20,"column":69}},"line":20},"3":{"name":"(anonymous_3)","decl":{"start":{"line":24,"column":38},"end":{"line":24,"column":39}},"loc":{"start":{"line":25,"column":10},"end":{"line":25,"column":47}},"line":25},"4":{"name":"(anonymous_4)","decl":{"start":{"line":33,"column":27},"end":{"line":33,"column":28}},"loc":{"start":{"line":33,"column":50},"end":{"line":39,"column":9}},"line":33},"5":{"name":"(anonymous_5)","decl":{"start":{"line":49,"column":16},"end":{"line":49,"column":17}},"loc":{"start":{"line":49,"column":35},"end":{"line":55,"column":5}},"line":49},"6":{"name":"(anonymous_6)","decl":{"start":{"line":50,"column":39},"end":{"line":50,"column":40}},"loc":{"start":{"line":50,"column":46},"end":{"line":50,"column":70}},"line":50}},"branchMap":{"0":{"loc":{"start":{"line":3,"column":21},"end":{"line":5,"column":17}},"type":"cond-expr","locations":[{"start":{"line":4,"column":4},"end":{"line":4,"column":44}},{"start":{"line":5,"column":4},"end":{"line":5,"column":17}}],"line":3},"1":{"loc":{"start":{"line":22,"column":6},"end":{"line":29,"column":7}},"type":"if","locations":[{"start":{"line":22,"column":6},"end":{"line":29,"column":7}},{"start":{"line":27,"column":13},"end":{"line":29,"column":7}}],"line":22},"2":{"loc":{"start":{"line":25,"column":10},"end":{"line":25,"column":47}},"type":"cond-expr","locations":[{"start":{"line":25,"column":39},"end":{"line":25,"column":43}},{"start":{"line":25,"column":46},"end":{"line":25,"column":47}}],"line":25},"3":{"loc":{"start":{"line":34,"column":28},"end":{"line":34,"column":56}},"type":"binary-expr","locations":[{"start":{"line":34,"column":28},"end":{"line":34,"column":51}},{"start":{"line":34,"column":55},"end":{"line":34,"column":56}}],"line":34},"4":{"loc":{"start":{"line":52,"column":6},"end":{"line":54,"column":7}},"type":"if","locations":[{"start":{"line":52,"column":6},"end":{"line":54,"column":7}},{"start":{},"end":{}}],"line":52}},"s":{"0":0,"1":0,"2":0,"3":0,"4":0,"5":0,"6":0,"7":0,"8":0,"9":0,"10":0,"11":0,"12":0,"13":0,"14":0,"15":0,"16":0,"17":0,"18":0,"19":0,"20":0,"21":0},"f":{"0":0,"1":0,"2":0,"3":0,"4":0,"5":0,"6":0},"b":{"0":[0,0],"1":[0,0],"2":[0,0],"3":[0,0],"4":[0,0]}}
}
