TN:
SF:src\store.js
FN:10,(anonymous_0)
FNF:1
FNH:1
FNDA:1,(anonymous_0)
DA:5,1
DA:11,1
LF:2
LH:2
BRF:0
BRH:0
end_of_record
TN:
SF:src\components\header.jsx
FN:7,(anonymous_0)
FN:8,(anonymous_1)
FN:17,(anonymous_2)
FN:56,(anonymous_3)
FNF:4
FNH:2
FNDA:1,(anonymous_0)
FNDA:2,(anonymous_1)
FNDA:0,(anonymous_2)
FNDA:0,(anonymous_3)
DA:7,1
DA:8,2
DA:9,1
DA:12,1
DA:13,1
DA:14,1
DA:17,1
DA:19,0
DA:21,0
DA:23,0
DA:26,1
DA:56,0
LF:12
LH:8
BRDA:13,0,0,0
BRDA:13,0,1,1
BRDA:14,1,0,0
BRDA:14,1,1,1
BRDA:54,2,0,1
BRDA:54,2,1,0
BRDA:61,3,0,0
BRDA:61,3,1,1
BRDA:63,4,0,0
BRDA:63,4,1,0
BRF:10
BRH:4
end_of_record
