{"C:\\Users\\John\\Desktop\\My stack version\\Versions\\2\\JohnKinghEcommerceSite\\backend\\app.js": {"path":"C:\\Users\\John\\Desktop\\My stack version\\Versions\\2\\JohnKinghEcommerceSite\\backend\\app.js","statementMap":{"0":{"start":{"line":4,"column":12},"end":{"line":4,"column":21}},"1":{"start":{"line":6,"column":0},"end":{"line":14,"column":3}},"2":{"start":{"line":7,"column":2},"end":{"line":13,"column":3}},"3":{"start":{"line":8,"column":17},"end":{"line":8,"column":44}},"4":{"start":{"line":9,"column":4},"end":{"line":9,"column":31}},"5":{"start":{"line":11,"column":4},"end":{"line":11,"column":31}},"6":{"start":{"line":12,"column":4},"end":{"line":12,"column":64}},"7":{"start":{"line":16,"column":0},"end":{"line":20,"column":3}},"8":{"start":{"line":17,"column":15},"end":{"line":17,"column":32}},"9":{"start":{"line":19,"column":2},"end":{"line":19,"column":17}}},"fnMap":{"0":{"name":"(anonymous_0)","decl":{"start":{"line":6,"column":23},"end":{"line":6,"column":24}},"loc":{"start":{"line":6,"column":43},"end":{"line":14,"column":1}},"line":6},"1":{"name":"(anonymous_1)","decl":{"start":{"line":16,"column":22},"end":{"line":16,"column":23}},"loc":{"start":{"line":16,"column":42},"end":{"line":20,"column":1}},"line":16}},"branchMap":{},"s":{"0":1,"1":1,"2":2,"3":2,"4":0,"5":2,"6":2,"7":1,"8":0,"9":0},"f":{"0":2,"1":0},"b":{},"_coverageSchema":"1a1c01bbd47fc00a2c39e90264f33305004495a9","hash":"d5ebfe999c5e0668d64c45a8feb9d16e4a38604a"}
,"C:\\Users\\John\\Desktop\\My stack version\\Versions\\2\\JohnKinghEcommerceSite\\backend\\Schema\\MyUser.js": {"path":"C:\\Users\\John\\Desktop\\My stack version\\Versions\\2\\JohnKinghEcommerceSite\\backend\\Schema\\MyUser.js","statementMap":{"0":{"start":{"line":33,"column":19},"end":{"line":42,"column":1}},"1":{"start":{"line":44,"column":13},"end":{"line":44,"column":47}}},"fnMap":{},"branchMap":{},"s":{"0":1,"1":1},"f":{},"b":{},"_coverageSchema":"1a1c01bbd47fc00a2c39e90264f33305004495a9","hash":"f7577b6490a1df5159f9045ee56285bf291407bd"}
,"C:\\Users\\John\\Desktop\\My stack version\\Versions\\2\\JohnKinghEcommerceSite\\backend\\mockData\\getMock.js": {"path":"C:\\Users\\John\\Desktop\\My stack version\\Versions\\2\\JohnKinghEcommerceSite\\backend\\mockData\\getMock.js","statementMap":{"0":{"start":{"line":1,"column":17},"end":{"line":23,"column":1}}},"fnMap":{},"branchMap":{},"s":{"0":1},"f":{},"b":{},"_coverageSchema":"1a1c01bbd47fc00a2c39e90264f33305004495a9","hash":"ba0f5254ecd5666cb224be6037c3374a7988ab53"}
}
